<?xml version="1.0" encoding="UTF-8"?>
<testsuite xmlns:xsi="http://www.w3.org/2001/XMLSchema-instance" xsi:noNamespaceSchemaLocation="https://maven.apache.org/surefire/maven-surefire-plugin/xsd/surefire-test-report.xsd" name="cn.itcast.hotel.HotelIndexTest" time="0.008" tests="1" errors="1" skipped="0" failures="0">
  <properties>
    <property name="sun.desktop" value="windows"/>
    <property name="awt.toolkit" value="sun.awt.windows.WToolkit"/>
    <property name="file.encoding.pkg" value="sun.io"/>
    <property name="java.specification.version" value="1.8"/>
    <property name="sun.cpu.isalist" value="amd64"/>
    <property name="sun.jnu.encoding" value="GBK"/>
    <property name="java.class.path" value="D:\BaiduNetdiskDownload\hotel-demo\target\test-classes;D:\BaiduNetdiskDownload\hotel-demo\target\classes;C:\Users\Shinelon\.m2\repository\org\springframework\boot\spring-boot-starter-web\2.3.10.RELEASE\spring-boot-starter-web-2.3.10.RELEASE.jar;C:\Users\Shinelon\.m2\repository\org\springframework\boot\spring-boot-starter\2.3.10.RELEASE\spring-boot-starter-2.3.10.RELEASE.jar;C:\Users\Shinelon\.m2\repository\org\springframework\boot\spring-boot\2.3.10.RELEASE\spring-boot-2.3.10.RELEASE.jar;C:\Users\Shinelon\.m2\repository\org\springframework\boot\spring-boot-starter-logging\2.3.10.RELEASE\spring-boot-starter-logging-2.3.10.RELEASE.jar;C:\Users\Shinelon\.m2\repository\ch\qos\logback\logback-classic\1.2.3\logback-classic-1.2.3.jar;C:\Users\Shinelon\.m2\repository\ch\qos\logback\logback-core\1.2.3\logback-core-1.2.3.jar;C:\Users\Shinelon\.m2\repository\org\apache\logging\log4j\log4j-to-slf4j\2.13.3\log4j-to-slf4j-2.13.3.jar;C:\Users\Shinelon\.m2\repository\org\slf4j\jul-to-slf4j\1.7.30\jul-to-slf4j-1.7.30.jar;C:\Users\Shinelon\.m2\repository\jakarta\annotation\jakarta.annotation-api\1.3.5\jakarta.annotation-api-1.3.5.jar;C:\Users\Shinelon\.m2\repository\org\yaml\snakeyaml\1.26\snakeyaml-1.26.jar;C:\Users\Shinelon\.m2\repository\org\springframework\boot\spring-boot-starter-json\2.3.10.RELEASE\spring-boot-starter-json-2.3.10.RELEASE.jar;C:\Users\Shinelon\.m2\repository\com\fasterxml\jackson\core\jackson-databind\2.11.4\jackson-databind-2.11.4.jar;C:\Users\Shinelon\.m2\repository\com\fasterxml\jackson\core\jackson-annotations\2.11.4\jackson-annotations-2.11.4.jar;C:\Users\Shinelon\.m2\repository\com\fasterxml\jackson\core\jackson-core\2.11.4\jackson-core-2.11.4.jar;C:\Users\Shinelon\.m2\repository\com\fasterxml\jackson\datatype\jackson-datatype-jdk8\2.11.4\jackson-datatype-jdk8-2.11.4.jar;C:\Users\Shinelon\.m2\repository\com\fasterxml\jackson\datatype\jackson-datatype-jsr310\2.11.4\jackson-datatype-jsr310-2.11.4.jar;C:\Users\Shinelon\.m2\repository\com\fasterxml\jackson\module\jackson-module-parameter-names\2.11.4\jackson-module-parameter-names-2.11.4.jar;C:\Users\Shinelon\.m2\repository\org\springframework\boot\spring-boot-starter-tomcat\2.3.10.RELEASE\spring-boot-starter-tomcat-2.3.10.RELEASE.jar;C:\Users\Shinelon\.m2\repository\org\apache\tomcat\embed\tomcat-embed-core\9.0.45\tomcat-embed-core-9.0.45.jar;C:\Users\Shinelon\.m2\repository\org\glassfish\jakarta.el\3.0.3\jakarta.el-3.0.3.jar;C:\Users\Shinelon\.m2\repository\org\apache\tomcat\embed\tomcat-embed-websocket\9.0.45\tomcat-embed-websocket-9.0.45.jar;C:\Users\Shinelon\.m2\repository\org\springframework\spring-web\5.2.14.RELEASE\spring-web-5.2.14.RELEASE.jar;C:\Users\Shinelon\.m2\repository\org\springframework\spring-beans\5.2.14.RELEASE\spring-beans-5.2.14.RELEASE.jar;C:\Users\Shinelon\.m2\repository\org\springframework\spring-webmvc\5.2.14.RELEASE\spring-webmvc-5.2.14.RELEASE.jar;C:\Users\Shinelon\.m2\repository\org\springframework\spring-aop\5.2.14.RELEASE\spring-aop-5.2.14.RELEASE.jar;C:\Users\Shinelon\.m2\repository\org\springframework\spring-context\5.2.14.RELEASE\spring-context-5.2.14.RELEASE.jar;C:\Users\Shinelon\.m2\repository\org\springframework\spring-expression\5.2.14.RELEASE\spring-expression-5.2.14.RELEASE.jar;C:\Users\Shinelon\.m2\repository\com\baomidou\mybatis-plus-boot-starter\3.4.2\mybatis-plus-boot-starter-3.4.2.jar;C:\Users\Shinelon\.m2\repository\com\baomidou\mybatis-plus\3.4.2\mybatis-plus-3.4.2.jar;C:\Users\Shinelon\.m2\repository\com\baomidou\mybatis-plus-extension\3.4.2\mybatis-plus-extension-3.4.2.jar;C:\Users\Shinelon\.m2\repository\com\baomidou\mybatis-plus-core\3.4.2\mybatis-plus-core-3.4.2.jar;C:\Users\Shinelon\.m2\repository\com\baomidou\mybatis-plus-annotation\3.4.2\mybatis-plus-annotation-3.4.2.jar;C:\Users\Shinelon\.m2\repository\com\github\jsqlparser\jsqlparser\4.0\jsqlparser-4.0.jar;C:\Users\Shinelon\.m2\repository\org\mybatis\mybatis\3.5.6\mybatis-3.5.6.jar;C:\Users\Shinelon\.m2\repository\org\mybatis\mybatis-spring\2.0.5\mybatis-spring-2.0.5.jar;C:\Users\Shinelon\.m2\repository\org\springframework\boot\spring-boot-autoconfigure\2.3.10.RELEASE\spring-boot-autoconfigure-2.3.10.RELEASE.jar;C:\Users\Shinelon\.m2\repository\org\springframework\boot\spring-boot-starter-jdbc\2.3.10.RELEASE\spring-boot-starter-jdbc-2.3.10.RELEASE.jar;C:\Users\Shinelon\.m2\repository\com\zaxxer\HikariCP\3.4.5\HikariCP-3.4.5.jar;C:\Users\Shinelon\.m2\repository\org\springframework\spring-jdbc\5.2.14.RELEASE\spring-jdbc-5.2.14.RELEASE.jar;C:\Users\Shinelon\.m2\repository\org\springframework\spring-tx\5.2.14.RELEASE\spring-tx-5.2.14.RELEASE.jar;C:\Users\Shinelon\.m2\repository\mysql\mysql-connector-java\8.0.23\mysql-connector-java-8.0.23.jar;C:\Users\Shinelon\.m2\repository\org\elasticsearch\client\elasticsearch-rest-high-level-client\7.12.1\elasticsearch-rest-high-level-client-7.12.1.jar;C:\Users\Shinelon\.m2\repository\org\elasticsearch\elasticsearch\7.6.2\elasticsearch-7.6.2.jar;C:\Users\Shinelon\.m2\repository\org\elasticsearch\elasticsearch-core\7.6.2\elasticsearch-core-7.6.2.jar;C:\Users\Shinelon\.m2\repository\org\elasticsearch\elasticsearch-secure-sm\7.6.2\elasticsearch-secure-sm-7.6.2.jar;C:\Users\Shinelon\.m2\repository\org\elasticsearch\elasticsearch-x-content\7.6.2\elasticsearch-x-content-7.6.2.jar;C:\Users\Shinelon\.m2\repository\com\fasterxml\jackson\dataformat\jackson-dataformat-smile\2.11.4\jackson-dataformat-smile-2.11.4.jar;C:\Users\Shinelon\.m2\repository\com\fasterxml\jackson\dataformat\jackson-dataformat-yaml\2.11.4\jackson-dataformat-yaml-2.11.4.jar;C:\Users\Shinelon\.m2\repository\com\fasterxml\jackson\dataformat\jackson-dataformat-cbor\2.11.4\jackson-dataformat-cbor-2.11.4.jar;C:\Users\Shinelon\.m2\repository\org\elasticsearch\elasticsearch-geo\7.6.2\elasticsearch-geo-7.6.2.jar;C:\Users\Shinelon\.m2\repository\org\apache\lucene\lucene-core\8.4.0\lucene-core-8.4.0.jar;C:\Users\Shinelon\.m2\repository\org\apache\lucene\lucene-analyzers-common\8.4.0\lucene-analyzers-common-8.4.0.jar;C:\Users\Shinelon\.m2\repository\org\apache\lucene\lucene-backward-codecs\8.4.0\lucene-backward-codecs-8.4.0.jar;C:\Users\Shinelon\.m2\repository\org\apache\lucene\lucene-grouping\8.4.0\lucene-grouping-8.4.0.jar;C:\Users\Shinelon\.m2\repository\org\apache\lucene\lucene-highlighter\8.4.0\lucene-highlighter-8.4.0.jar;C:\Users\Shinelon\.m2\repository\org\apache\lucene\lucene-join\8.4.0\lucene-join-8.4.0.jar;C:\Users\Shinelon\.m2\repository\org\apache\lucene\lucene-memory\8.4.0\lucene-memory-8.4.0.jar;C:\Users\Shinelon\.m2\repository\org\apache\lucene\lucene-misc\8.4.0\lucene-misc-8.4.0.jar;C:\Users\Shinelon\.m2\repository\org\apache\lucene\lucene-queries\8.4.0\lucene-queries-8.4.0.jar;C:\Users\Shinelon\.m2\repository\org\apache\lucene\lucene-queryparser\8.4.0\lucene-queryparser-8.4.0.jar;C:\Users\Shinelon\.m2\repository\org\apache\lucene\lucene-sandbox\8.4.0\lucene-sandbox-8.4.0.jar;C:\Users\Shinelon\.m2\repository\org\apache\lucene\lucene-spatial\8.4.0\lucene-spatial-8.4.0.jar;C:\Users\Shinelon\.m2\repository\org\apache\lucene\lucene-spatial-extras\8.4.0\lucene-spatial-extras-8.4.0.jar;C:\Users\Shinelon\.m2\repository\org\apache\lucene\lucene-spatial3d\8.4.0\lucene-spatial3d-8.4.0.jar;C:\Users\Shinelon\.m2\repository\org\apache\lucene\lucene-suggest\8.4.0\lucene-suggest-8.4.0.jar;C:\Users\Shinelon\.m2\repository\org\elasticsearch\elasticsearch-cli\7.6.2\elasticsearch-cli-7.6.2.jar;C:\Users\Shinelon\.m2\repository\net\sf\jopt-simple\jopt-simple\5.0.2\jopt-simple-5.0.2.jar;C:\Users\Shinelon\.m2\repository\com\carrotsearch\hppc\0.8.1\hppc-0.8.1.jar;C:\Users\Shinelon\.m2\repository\joda-time\joda-time\2.10.4\joda-time-2.10.4.jar;C:\Users\Shinelon\.m2\repository\com\tdunning\t-digest\3.2\t-digest-3.2.jar;C:\Users\Shinelon\.m2\repository\org\hdrhistogram\HdrHistogram\2.1.9\HdrHistogram-2.1.9.jar;C:\Users\Shinelon\.m2\repository\org\apache\logging\log4j\log4j-api\2.13.3\log4j-api-2.13.3.jar;C:\Users\Shinelon\.m2\repository\org\elasticsearch\jna\4.5.1\jna-4.5.1.jar;C:\Users\Shinelon\.m2\repository\org\elasticsearch\client\elasticsearch-rest-client\7.6.2\elasticsearch-rest-client-7.6.2.jar;C:\Users\Shinelon\.m2\repository\org\apache\httpcomponents\httpclient\4.5.13\httpclient-4.5.13.jar;C:\Users\Shinelon\.m2\repository\org\apache\httpcomponents\httpcore\4.4.14\httpcore-4.4.14.jar;C:\Users\Shinelon\.m2\repository\org\apache\httpcomponents\httpasyncclient\4.1.4\httpasyncclient-4.1.4.jar;C:\Users\Shinelon\.m2\repository\org\apache\httpcomponents\httpcore-nio\4.4.14\httpcore-nio-4.4.14.jar;C:\Users\Shinelon\.m2\repository\commons-codec\commons-codec\1.14\commons-codec-1.14.jar;C:\Users\Shinelon\.m2\repository\org\elasticsearch\plugin\mapper-extras-client\7.12.1\mapper-extras-client-7.12.1.jar;C:\Users\Shinelon\.m2\repository\org\elasticsearch\plugin\parent-join-client\7.12.1\parent-join-client-7.12.1.jar;C:\Users\Shinelon\.m2\repository\org\elasticsearch\plugin\aggs-matrix-stats-client\7.12.1\aggs-matrix-stats-client-7.12.1.jar;C:\Users\Shinelon\.m2\repository\org\elasticsearch\plugin\rank-eval-client\7.12.1\rank-eval-client-7.12.1.jar;C:\Users\Shinelon\.m2\repository\org\elasticsearch\plugin\lang-mustache-client\7.12.1\lang-mustache-client-7.12.1.jar;C:\Users\Shinelon\.m2\repository\com\github\spullara\mustache\java\compiler\0.9.6\compiler-0.9.6.jar;C:\Users\Shinelon\.m2\repository\org\projectlombok\lombok\1.18.20\lombok-1.18.20.jar;C:\Users\Shinelon\.m2\repository\org\springframework\boot\spring-boot-starter-test\2.3.10.RELEASE\spring-boot-starter-test-2.3.10.RELEASE.jar;C:\Users\Shinelon\.m2\repository\org\springframework\boot\spring-boot-test\2.3.10.RELEASE\spring-boot-test-2.3.10.RELEASE.jar;C:\Users\Shinelon\.m2\repository\org\springframework\boot\spring-boot-test-autoconfigure\2.3.10.RELEASE\spring-boot-test-autoconfigure-2.3.10.RELEASE.jar;C:\Users\Shinelon\.m2\repository\com\jayway\jsonpath\json-path\2.4.0\json-path-2.4.0.jar;C:\Users\Shinelon\.m2\repository\net\minidev\json-smart\2.3\json-smart-2.3.jar;C:\Users\Shinelon\.m2\repository\net\minidev\accessors-smart\1.2\accessors-smart-1.2.jar;C:\Users\Shinelon\.m2\repository\org\ow2\asm\asm\5.0.4\asm-5.0.4.jar;C:\Users\Shinelon\.m2\repository\org\slf4j\slf4j-api\1.7.30\slf4j-api-1.7.30.jar;C:\Users\Shinelon\.m2\repository\jakarta\xml\bind\jakarta.xml.bind-api\2.3.3\jakarta.xml.bind-api-2.3.3.jar;C:\Users\Shinelon\.m2\repository\jakarta\activation\jakarta.activation-api\1.2.2\jakarta.activation-api-1.2.2.jar;C:\Users\Shinelon\.m2\repository\org\assertj\assertj-core\3.16.1\assertj-core-3.16.1.jar;C:\Users\Shinelon\.m2\repository\org\hamcrest\hamcrest\2.2\hamcrest-2.2.jar;C:\Users\Shinelon\.m2\repository\org\junit\jupiter\junit-jupiter\5.6.3\junit-jupiter-5.6.3.jar;C:\Users\Shinelon\.m2\repository\org\junit\jupiter\junit-jupiter-api\5.6.3\junit-jupiter-api-5.6.3.jar;C:\Users\Shinelon\.m2\repository\org\apiguardian\apiguardian-api\1.1.0\apiguardian-api-1.1.0.jar;C:\Users\Shinelon\.m2\repository\org\opentest4j\opentest4j\1.2.0\opentest4j-1.2.0.jar;C:\Users\Shinelon\.m2\repository\org\junit\platform\junit-platform-commons\1.6.3\junit-platform-commons-1.6.3.jar;C:\Users\Shinelon\.m2\repository\org\junit\jupiter\junit-jupiter-params\5.6.3\junit-jupiter-params-5.6.3.jar;C:\Users\Shinelon\.m2\repository\org\junit\jupiter\junit-jupiter-engine\5.6.3\junit-jupiter-engine-5.6.3.jar;C:\Users\Shinelon\.m2\repository\org\junit\platform\junit-platform-engine\1.6.3\junit-platform-engine-1.6.3.jar;C:\Users\Shinelon\.m2\repository\org\mockito\mockito-core\3.3.3\mockito-core-3.3.3.jar;C:\Users\Shinelon\.m2\repository\net\bytebuddy\byte-buddy\1.10.22\byte-buddy-1.10.22.jar;C:\Users\Shinelon\.m2\repository\net\bytebuddy\byte-buddy-agent\1.10.22\byte-buddy-agent-1.10.22.jar;C:\Users\Shinelon\.m2\repository\org\objenesis\objenesis\2.6\objenesis-2.6.jar;C:\Users\Shinelon\.m2\repository\org\mockito\mockito-junit-jupiter\3.3.3\mockito-junit-jupiter-3.3.3.jar;C:\Users\Shinelon\.m2\repository\org\skyscreamer\jsonassert\1.5.0\jsonassert-1.5.0.jar;C:\Users\Shinelon\.m2\repository\com\vaadin\external\google\android-json\0.0.20131108.vaadin1\android-json-0.0.20131108.vaadin1.jar;C:\Users\Shinelon\.m2\repository\org\springframework\spring-core\5.2.14.RELEASE\spring-core-5.2.14.RELEASE.jar;C:\Users\Shinelon\.m2\repository\org\springframework\spring-jcl\5.2.14.RELEASE\spring-jcl-5.2.14.RELEASE.jar;C:\Users\Shinelon\.m2\repository\org\springframework\spring-test\5.2.14.RELEASE\spring-test-5.2.14.RELEASE.jar;C:\Users\Shinelon\.m2\repository\org\xmlunit\xmlunit-core\2.7.0\xmlunit-core-2.7.0.jar;C:\Users\Shinelon\.m2\repository\com\alibaba\fastjson\1.2.71\fastjson-1.2.71.jar;C:\Users\Shinelon\.m2\repository\org\apache\commons\commons-lang3\3.10\commons-lang3-3.10.jar;"/>
    <property name="java.vm.vendor" value="Oracle Corporation"/>
    <property name="sun.arch.data.model" value="64"/>
    <property name="user.variant" value=""/>
    <property name="java.vendor.url" value="http://java.oracle.com/"/>
    <property name="user.timezone" value="Asia/Shanghai"/>
    <property name="java.vm.specification.version" value="1.8"/>
    <property name="os.name" value="Windows 10"/>
    <property name="user.country" value="CN"/>
    <property name="sun.java.launcher" value="SUN_STANDARD"/>
    <property name="sun.boot.library.path" value="C:\Program Files\Java\jdk1.8.0_241\jre\bin"/>
    <property name="sun.java.command" value="C:\Users\Shinelon\AppData\Local\Temp\surefire5636657188993189008\surefirebooter3394480407286261233.jar C:\Users\Shinelon\AppData\Local\Temp\surefire5636657188993189008 2023-05-07T21-56-38_735-jvmRun1 surefire3439193350551863637tmp surefire_07710870536303692337tmp"/>
    <property name="surefire.test.class.path" value="D:\BaiduNetdiskDownload\hotel-demo\target\test-classes;D:\BaiduNetdiskDownload\hotel-demo\target\classes;C:\Users\Shinelon\.m2\repository\org\springframework\boot\spring-boot-starter-web\2.3.10.RELEASE\spring-boot-starter-web-2.3.10.RELEASE.jar;C:\Users\Shinelon\.m2\repository\org\springframework\boot\spring-boot-starter\2.3.10.RELEASE\spring-boot-starter-2.3.10.RELEASE.jar;C:\Users\Shinelon\.m2\repository\org\springframework\boot\spring-boot\2.3.10.RELEASE\spring-boot-2.3.10.RELEASE.jar;C:\Users\Shinelon\.m2\repository\org\springframework\boot\spring-boot-starter-logging\2.3.10.RELEASE\spring-boot-starter-logging-2.3.10.RELEASE.jar;C:\Users\Shinelon\.m2\repository\ch\qos\logback\logback-classic\1.2.3\logback-classic-1.2.3.jar;C:\Users\Shinelon\.m2\repository\ch\qos\logback\logback-core\1.2.3\logback-core-1.2.3.jar;C:\Users\Shinelon\.m2\repository\org\apache\logging\log4j\log4j-to-slf4j\2.13.3\log4j-to-slf4j-2.13.3.jar;C:\Users\Shinelon\.m2\repository\org\slf4j\jul-to-slf4j\1.7.30\jul-to-slf4j-1.7.30.jar;C:\Users\Shinelon\.m2\repository\jakarta\annotation\jakarta.annotation-api\1.3.5\jakarta.annotation-api-1.3.5.jar;C:\Users\Shinelon\.m2\repository\org\yaml\snakeyaml\1.26\snakeyaml-1.26.jar;C:\Users\Shinelon\.m2\repository\org\springframework\boot\spring-boot-starter-json\2.3.10.RELEASE\spring-boot-starter-json-2.3.10.RELEASE.jar;C:\Users\Shinelon\.m2\repository\com\fasterxml\jackson\core\jackson-databind\2.11.4\jackson-databind-2.11.4.jar;C:\Users\Shinelon\.m2\repository\com\fasterxml\jackson\core\jackson-annotations\2.11.4\jackson-annotations-2.11.4.jar;C:\Users\Shinelon\.m2\repository\com\fasterxml\jackson\core\jackson-core\2.11.4\jackson-core-2.11.4.jar;C:\Users\Shinelon\.m2\repository\com\fasterxml\jackson\datatype\jackson-datatype-jdk8\2.11.4\jackson-datatype-jdk8-2.11.4.jar;C:\Users\Shinelon\.m2\repository\com\fasterxml\jackson\datatype\jackson-datatype-jsr310\2.11.4\jackson-datatype-jsr310-2.11.4.jar;C:\Users\Shinelon\.m2\repository\com\fasterxml\jackson\module\jackson-module-parameter-names\2.11.4\jackson-module-parameter-names-2.11.4.jar;C:\Users\Shinelon\.m2\repository\org\springframework\boot\spring-boot-starter-tomcat\2.3.10.RELEASE\spring-boot-starter-tomcat-2.3.10.RELEASE.jar;C:\Users\Shinelon\.m2\repository\org\apache\tomcat\embed\tomcat-embed-core\9.0.45\tomcat-embed-core-9.0.45.jar;C:\Users\Shinelon\.m2\repository\org\glassfish\jakarta.el\3.0.3\jakarta.el-3.0.3.jar;C:\Users\Shinelon\.m2\repository\org\apache\tomcat\embed\tomcat-embed-websocket\9.0.45\tomcat-embed-websocket-9.0.45.jar;C:\Users\Shinelon\.m2\repository\org\springframework\spring-web\5.2.14.RELEASE\spring-web-5.2.14.RELEASE.jar;C:\Users\Shinelon\.m2\repository\org\springframework\spring-beans\5.2.14.RELEASE\spring-beans-5.2.14.RELEASE.jar;C:\Users\Shinelon\.m2\repository\org\springframework\spring-webmvc\5.2.14.RELEASE\spring-webmvc-5.2.14.RELEASE.jar;C:\Users\Shinelon\.m2\repository\org\springframework\spring-aop\5.2.14.RELEASE\spring-aop-5.2.14.RELEASE.jar;C:\Users\Shinelon\.m2\repository\org\springframework\spring-context\5.2.14.RELEASE\spring-context-5.2.14.RELEASE.jar;C:\Users\Shinelon\.m2\repository\org\springframework\spring-expression\5.2.14.RELEASE\spring-expression-5.2.14.RELEASE.jar;C:\Users\Shinelon\.m2\repository\com\baomidou\mybatis-plus-boot-starter\3.4.2\mybatis-plus-boot-starter-3.4.2.jar;C:\Users\Shinelon\.m2\repository\com\baomidou\mybatis-plus\3.4.2\mybatis-plus-3.4.2.jar;C:\Users\Shinelon\.m2\repository\com\baomidou\mybatis-plus-extension\3.4.2\mybatis-plus-extension-3.4.2.jar;C:\Users\Shinelon\.m2\repository\com\baomidou\mybatis-plus-core\3.4.2\mybatis-plus-core-3.4.2.jar;C:\Users\Shinelon\.m2\repository\com\baomidou\mybatis-plus-annotation\3.4.2\mybatis-plus-annotation-3.4.2.jar;C:\Users\Shinelon\.m2\repository\com\github\jsqlparser\jsqlparser\4.0\jsqlparser-4.0.jar;C:\Users\Shinelon\.m2\repository\org\mybatis\mybatis\3.5.6\mybatis-3.5.6.jar;C:\Users\Shinelon\.m2\repository\org\mybatis\mybatis-spring\2.0.5\mybatis-spring-2.0.5.jar;C:\Users\Shinelon\.m2\repository\org\springframework\boot\spring-boot-autoconfigure\2.3.10.RELEASE\spring-boot-autoconfigure-2.3.10.RELEASE.jar;C:\Users\Shinelon\.m2\repository\org\springframework\boot\spring-boot-starter-jdbc\2.3.10.RELEASE\spring-boot-starter-jdbc-2.3.10.RELEASE.jar;C:\Users\Shinelon\.m2\repository\com\zaxxer\HikariCP\3.4.5\HikariCP-3.4.5.jar;C:\Users\Shinelon\.m2\repository\org\springframework\spring-jdbc\5.2.14.RELEASE\spring-jdbc-5.2.14.RELEASE.jar;C:\Users\Shinelon\.m2\repository\org\springframework\spring-tx\5.2.14.RELEASE\spring-tx-5.2.14.RELEASE.jar;C:\Users\Shinelon\.m2\repository\mysql\mysql-connector-java\8.0.23\mysql-connector-java-8.0.23.jar;C:\Users\Shinelon\.m2\repository\org\elasticsearch\client\elasticsearch-rest-high-level-client\7.12.1\elasticsearch-rest-high-level-client-7.12.1.jar;C:\Users\Shinelon\.m2\repository\org\elasticsearch\elasticsearch\7.6.2\elasticsearch-7.6.2.jar;C:\Users\Shinelon\.m2\repository\org\elasticsearch\elasticsearch-core\7.6.2\elasticsearch-core-7.6.2.jar;C:\Users\Shinelon\.m2\repository\org\elasticsearch\elasticsearch-secure-sm\7.6.2\elasticsearch-secure-sm-7.6.2.jar;C:\Users\Shinelon\.m2\repository\org\elasticsearch\elasticsearch-x-content\7.6.2\elasticsearch-x-content-7.6.2.jar;C:\Users\Shinelon\.m2\repository\com\fasterxml\jackson\dataformat\jackson-dataformat-smile\2.11.4\jackson-dataformat-smile-2.11.4.jar;C:\Users\Shinelon\.m2\repository\com\fasterxml\jackson\dataformat\jackson-dataformat-yaml\2.11.4\jackson-dataformat-yaml-2.11.4.jar;C:\Users\Shinelon\.m2\repository\com\fasterxml\jackson\dataformat\jackson-dataformat-cbor\2.11.4\jackson-dataformat-cbor-2.11.4.jar;C:\Users\Shinelon\.m2\repository\org\elasticsearch\elasticsearch-geo\7.6.2\elasticsearch-geo-7.6.2.jar;C:\Users\Shinelon\.m2\repository\org\apache\lucene\lucene-core\8.4.0\lucene-core-8.4.0.jar;C:\Users\Shinelon\.m2\repository\org\apache\lucene\lucene-analyzers-common\8.4.0\lucene-analyzers-common-8.4.0.jar;C:\Users\Shinelon\.m2\repository\org\apache\lucene\lucene-backward-codecs\8.4.0\lucene-backward-codecs-8.4.0.jar;C:\Users\Shinelon\.m2\repository\org\apache\lucene\lucene-grouping\8.4.0\lucene-grouping-8.4.0.jar;C:\Users\Shinelon\.m2\repository\org\apache\lucene\lucene-highlighter\8.4.0\lucene-highlighter-8.4.0.jar;C:\Users\Shinelon\.m2\repository\org\apache\lucene\lucene-join\8.4.0\lucene-join-8.4.0.jar;C:\Users\Shinelon\.m2\repository\org\apache\lucene\lucene-memory\8.4.0\lucene-memory-8.4.0.jar;C:\Users\Shinelon\.m2\repository\org\apache\lucene\lucene-misc\8.4.0\lucene-misc-8.4.0.jar;C:\Users\Shinelon\.m2\repository\org\apache\lucene\lucene-queries\8.4.0\lucene-queries-8.4.0.jar;C:\Users\Shinelon\.m2\repository\org\apache\lucene\lucene-queryparser\8.4.0\lucene-queryparser-8.4.0.jar;C:\Users\Shinelon\.m2\repository\org\apache\lucene\lucene-sandbox\8.4.0\lucene-sandbox-8.4.0.jar;C:\Users\Shinelon\.m2\repository\org\apache\lucene\lucene-spatial\8.4.0\lucene-spatial-8.4.0.jar;C:\Users\Shinelon\.m2\repository\org\apache\lucene\lucene-spatial-extras\8.4.0\lucene-spatial-extras-8.4.0.jar;C:\Users\Shinelon\.m2\repository\org\apache\lucene\lucene-spatial3d\8.4.0\lucene-spatial3d-8.4.0.jar;C:\Users\Shinelon\.m2\repository\org\apache\lucene\lucene-suggest\8.4.0\lucene-suggest-8.4.0.jar;C:\Users\Shinelon\.m2\repository\org\elasticsearch\elasticsearch-cli\7.6.2\elasticsearch-cli-7.6.2.jar;C:\Users\Shinelon\.m2\repository\net\sf\jopt-simple\jopt-simple\5.0.2\jopt-simple-5.0.2.jar;C:\Users\Shinelon\.m2\repository\com\carrotsearch\hppc\0.8.1\hppc-0.8.1.jar;C:\Users\Shinelon\.m2\repository\joda-time\joda-time\2.10.4\joda-time-2.10.4.jar;C:\Users\Shinelon\.m2\repository\com\tdunning\t-digest\3.2\t-digest-3.2.jar;C:\Users\Shinelon\.m2\repository\org\hdrhistogram\HdrHistogram\2.1.9\HdrHistogram-2.1.9.jar;C:\Users\Shinelon\.m2\repository\org\apache\logging\log4j\log4j-api\2.13.3\log4j-api-2.13.3.jar;C:\Users\Shinelon\.m2\repository\org\elasticsearch\jna\4.5.1\jna-4.5.1.jar;C:\Users\Shinelon\.m2\repository\org\elasticsearch\client\elasticsearch-rest-client\7.6.2\elasticsearch-rest-client-7.6.2.jar;C:\Users\Shinelon\.m2\repository\org\apache\httpcomponents\httpclient\4.5.13\httpclient-4.5.13.jar;C:\Users\Shinelon\.m2\repository\org\apache\httpcomponents\httpcore\4.4.14\httpcore-4.4.14.jar;C:\Users\Shinelon\.m2\repository\org\apache\httpcomponents\httpasyncclient\4.1.4\httpasyncclient-4.1.4.jar;C:\Users\Shinelon\.m2\repository\org\apache\httpcomponents\httpcore-nio\4.4.14\httpcore-nio-4.4.14.jar;C:\Users\Shinelon\.m2\repository\commons-codec\commons-codec\1.14\commons-codec-1.14.jar;C:\Users\Shinelon\.m2\repository\org\elasticsearch\plugin\mapper-extras-client\7.12.1\mapper-extras-client-7.12.1.jar;C:\Users\Shinelon\.m2\repository\org\elasticsearch\plugin\parent-join-client\7.12.1\parent-join-client-7.12.1.jar;C:\Users\Shinelon\.m2\repository\org\elasticsearch\plugin\aggs-matrix-stats-client\7.12.1\aggs-matrix-stats-client-7.12.1.jar;C:\Users\Shinelon\.m2\repository\org\elasticsearch\plugin\rank-eval-client\7.12.1\rank-eval-client-7.12.1.jar;C:\Users\Shinelon\.m2\repository\org\elasticsearch\plugin\lang-mustache-client\7.12.1\lang-mustache-client-7.12.1.jar;C:\Users\Shinelon\.m2\repository\com\github\spullara\mustache\java\compiler\0.9.6\compiler-0.9.6.jar;C:\Users\Shinelon\.m2\repository\org\projectlombok\lombok\1.18.20\lombok-1.18.20.jar;C:\Users\Shinelon\.m2\repository\org\springframework\boot\spring-boot-starter-test\2.3.10.RELEASE\spring-boot-starter-test-2.3.10.RELEASE.jar;C:\Users\Shinelon\.m2\repository\org\springframework\boot\spring-boot-test\2.3.10.RELEASE\spring-boot-test-2.3.10.RELEASE.jar;C:\Users\Shinelon\.m2\repository\org\springframework\boot\spring-boot-test-autoconfigure\2.3.10.RELEASE\spring-boot-test-autoconfigure-2.3.10.RELEASE.jar;C:\Users\Shinelon\.m2\repository\com\jayway\jsonpath\json-path\2.4.0\json-path-2.4.0.jar;C:\Users\Shinelon\.m2\repository\net\minidev\json-smart\2.3\json-smart-2.3.jar;C:\Users\Shinelon\.m2\repository\net\minidev\accessors-smart\1.2\accessors-smart-1.2.jar;C:\Users\Shinelon\.m2\repository\org\ow2\asm\asm\5.0.4\asm-5.0.4.jar;C:\Users\Shinelon\.m2\repository\org\slf4j\slf4j-api\1.7.30\slf4j-api-1.7.30.jar;C:\Users\Shinelon\.m2\repository\jakarta\xml\bind\jakarta.xml.bind-api\2.3.3\jakarta.xml.bind-api-2.3.3.jar;C:\Users\Shinelon\.m2\repository\jakarta\activation\jakarta.activation-api\1.2.2\jakarta.activation-api-1.2.2.jar;C:\Users\Shinelon\.m2\repository\org\assertj\assertj-core\3.16.1\assertj-core-3.16.1.jar;C:\Users\Shinelon\.m2\repository\org\hamcrest\hamcrest\2.2\hamcrest-2.2.jar;C:\Users\Shinelon\.m2\repository\org\junit\jupiter\junit-jupiter\5.6.3\junit-jupiter-5.6.3.jar;C:\Users\Shinelon\.m2\repository\org\junit\jupiter\junit-jupiter-api\5.6.3\junit-jupiter-api-5.6.3.jar;C:\Users\Shinelon\.m2\repository\org\apiguardian\apiguardian-api\1.1.0\apiguardian-api-1.1.0.jar;C:\Users\Shinelon\.m2\repository\org\opentest4j\opentest4j\1.2.0\opentest4j-1.2.0.jar;C:\Users\Shinelon\.m2\repository\org\junit\platform\junit-platform-commons\1.6.3\junit-platform-commons-1.6.3.jar;C:\Users\Shinelon\.m2\repository\org\junit\jupiter\junit-jupiter-params\5.6.3\junit-jupiter-params-5.6.3.jar;C:\Users\Shinelon\.m2\repository\org\junit\jupiter\junit-jupiter-engine\5.6.3\junit-jupiter-engine-5.6.3.jar;C:\Users\Shinelon\.m2\repository\org\junit\platform\junit-platform-engine\1.6.3\junit-platform-engine-1.6.3.jar;C:\Users\Shinelon\.m2\repository\org\mockito\mockito-core\3.3.3\mockito-core-3.3.3.jar;C:\Users\Shinelon\.m2\repository\net\bytebuddy\byte-buddy\1.10.22\byte-buddy-1.10.22.jar;C:\Users\Shinelon\.m2\repository\net\bytebuddy\byte-buddy-agent\1.10.22\byte-buddy-agent-1.10.22.jar;C:\Users\Shinelon\.m2\repository\org\objenesis\objenesis\2.6\objenesis-2.6.jar;C:\Users\Shinelon\.m2\repository\org\mockito\mockito-junit-jupiter\3.3.3\mockito-junit-jupiter-3.3.3.jar;C:\Users\Shinelon\.m2\repository\org\skyscreamer\jsonassert\1.5.0\jsonassert-1.5.0.jar;C:\Users\Shinelon\.m2\repository\com\vaadin\external\google\android-json\0.0.20131108.vaadin1\android-json-0.0.20131108.vaadin1.jar;C:\Users\Shinelon\.m2\repository\org\springframework\spring-core\5.2.14.RELEASE\spring-core-5.2.14.RELEASE.jar;C:\Users\Shinelon\.m2\repository\org\springframework\spring-jcl\5.2.14.RELEASE\spring-jcl-5.2.14.RELEASE.jar;C:\Users\Shinelon\.m2\repository\org\springframework\spring-test\5.2.14.RELEASE\spring-test-5.2.14.RELEASE.jar;C:\Users\Shinelon\.m2\repository\org\xmlunit\xmlunit-core\2.7.0\xmlunit-core-2.7.0.jar;C:\Users\Shinelon\.m2\repository\com\alibaba\fastjson\1.2.71\fastjson-1.2.71.jar;C:\Users\Shinelon\.m2\repository\org\apache\commons\commons-lang3\3.10\commons-lang3-3.10.jar;"/>
    <property name="sun.cpu.endian" value="little"/>
    <property name="user.home" value="C:\Users\Shinelon"/>
    <property name="user.language" value="zh"/>
    <property name="java.specification.vendor" value="Oracle Corporation"/>
    <property name="java.home" value="C:\Program Files\Java\jdk1.8.0_241\jre"/>
    <property name="basedir" value="D:\BaiduNetdiskDownload\hotel-demo"/>
    <property name="file.separator" value="\"/>
    <property name="line.separator" value="&#10;"/>
    <property name="java.vm.specification.vendor" value="Oracle Corporation"/>
    <property name="java.specification.name" value="Java Platform API Specification"/>
    <property name="java.awt.graphicsenv" value="sun.awt.Win32GraphicsEnvironment"/>
    <property name="surefire.real.class.path" value="C:\Users\Shinelon\AppData\Local\Temp\surefire5636657188993189008\surefirebooter3394480407286261233.jar"/>
    <property name="sun.boot.class.path" value="C:\Program Files\Java\jdk1.8.0_241\jre\lib\resources.jar;C:\Program Files\Java\jdk1.8.0_241\jre\lib\rt.jar;C:\Program Files\Java\jdk1.8.0_241\jre\lib\sunrsasign.jar;C:\Program Files\Java\jdk1.8.0_241\jre\lib\jsse.jar;C:\Program Files\Java\jdk1.8.0_241\jre\lib\jce.jar;C:\Program Files\Java\jdk1.8.0_241\jre\lib\charsets.jar;C:\Program Files\Java\jdk1.8.0_241\jre\lib\jfr.jar;C:\Program Files\Java\jdk1.8.0_241\jre\classes"/>
    <property name="user.script" value=""/>
    <property name="sun.management.compiler" value="HotSpot 64-Bit Tiered Compilers"/>
    <property name="java.runtime.version" value="1.8.0_241-b07"/>
    <property name="user.name" value="Shinelon"/>
    <property name="path.separator" value=";"/>
    <property name="os.version" value="10.0"/>
    <property name="java.endorsed.dirs" value="C:\Program Files\Java\jdk1.8.0_241\jre\lib\endorsed"/>
    <property name="java.runtime.name" value="Java(TM) SE Runtime Environment"/>
    <property name="file.encoding" value="GBK"/>
    <property name="java.vm.name" value="Java HotSpot(TM) 64-Bit Server VM"/>
    <property name="localRepository" value="C:\Users\Shinelon\.m2\repository"/>
    <property name="java.vendor.url.bug" value="http://bugreport.sun.com/bugreport/"/>
    <property name="java.io.tmpdir" value="C:\Users\Shinelon\AppData\Local\Temp\"/>
    <property name="idea.version" value="2021.2.1"/>
    <property name="java.version" value="1.8.0_241"/>
    <property name="user.dir" value="D:\BaiduNetdiskDownload\hotel-demo"/>
    <property name="os.arch" value="amd64"/>
    <property name="java.vm.specification.name" value="Java Virtual Machine Specification"/>
    <property name="java.awt.printerjob" value="sun.awt.windows.WPrinterJob"/>
    <property name="sun.os.patch.level" value=""/>
    <property name="java.library.path" value="C:\Program Files\Java\jdk1.8.0_241\jre\bin;C:\WINDOWS\Sun\Java\bin;C:\WINDOWS\system32;C:\WINDOWS;&quot;D:\1-1黄广武\bin\;D:;Android\platform-tools&quot;;C:\Program Files (x86)\Common Files\Oracle\Java\javapath;C:\Windows\system32;C:\Windows;C:\Windows\System32\Wbem;C:\Windows\System32\WindowsPowerShell\v1.0\;C:\Windows\System32\OpenSSH\;C:\Program Files (x86)\NVIDIA Corporation\PhysX\Common;C:\Program Files\NVIDIA Corporation\NVIDIA NvDLISR;C:\WINDOWS\system32;C:\WINDOWS;C:\WINDOWS\System32\Wbem;C:\WINDOWS\System32\WindowsPowerShell\v1.0\;C:\WINDOWS\System32\OpenSSH\;C:\Program Files\Java\jdk1.8.0_241\bin;D:\Microsoft VS Code\bin;C:\Program Files\dotnet\;C:\Program Files (x86)\dotnet\;D:\Tomcat\apache-tomcat-9.0.59\bin;C:\Program Files (x86)\Microsoft VS Code\bin;D:\Mysql\mysql-5.7.24-winx64\mysql-5.7.24-winx64\bin;D:\apache-maven-3.6.1-bin\apache-maven-3.6.1\bin;D:\Git\cmd;D:\Git\Git\cmd;D:\Program Files\nodejs\;D:\Program Files\nodejs\node_global\node_modules;D:\Scripts\;D:\;C:\Program Files\MySQL\MySQL Shell 8.0\bin\;C:\Users\Shinelon\AppData\Local\Microsoft\WindowsApps;C:\Users\Shinelon\.dotnet\tools;C:\Program Files\Bandizip\;D:\Program Files\nodejs\node_global;D:\Program Files\nodejs\node_cache;;."/>
    <property name="java.vm.info" value="mixed mode"/>
    <property name="java.vendor" value="Oracle Corporation"/>
    <property name="java.vm.version" value="25.241-b07"/>
    <property name="java.ext.dirs" value="C:\Program Files\Java\jdk1.8.0_241\jre\lib\ext;C:\WINDOWS\Sun\Java\lib\ext"/>
    <property name="sun.io.unicode.encoding" value="UnicodeLittle"/>
    <property name="java.class.version" value="52.0"/>
  </properties>
  <testcase name="test" classname="cn.itcast.hotel.HotelIndexTest" time="0">
    <error message="Could not initialize class org.elasticsearch.client.RestHighLevelClient" type="java.lang.NoClassDefFoundError">java.lang.NoClassDefFoundError: Could not initialize class org.elasticsearch.client.RestHighLevelClient
	at cn.itcast.hotel.HotelIndexTest.setup(HotelIndexTest.java:21)
</error>
  </testcase>
</testsuite>